<?xml version="1.0" encoding="UTF-8"?>
<!-- Generated by org.testng.reporters.JUnitReportReporter -->
<testsuite hostname="DESKTOP-UNVGE05" failures="0" tests="4" name="api.test.User_Tests" time="8.145" errors="0" timestamp="2023-06-30T07:52:55 AEST" skipped="0">
  <testcase classname="api.test.User_Tests" name="TC01_testPostUser" time="2.706"/>
  <system-out/>
  <testcase classname="api.test.User_Tests" name="TC02testGetUserByname" time="1.298"/>
  <system-out/>
  <testcase classname="api.test.User_Tests" name="TC03_testUpdateUser" time="2.544"/>
  <system-out/>
  <testcase classname="api.test.User_Tests" name="TC004_DeleteUserByName" time="1.597"/>
  <system-out/>
</testsuite> <!-- api.test.User_Tests -->
