<?xml version="1.0" encoding="UTF-8"?>
<!-- Generated by org.testng.reporters.JUnitReportReporter -->
<testsuite hostname="DESKTOP-UNVGE05" failures="0" tests="4" name="api.test.User_Tests2_Properties" time="7.965" errors="0" timestamp="2023-06-30T16:43:31 AEST" skipped="0">
  <testcase classname="api.test.User_Tests2_Properties" name="TC01_testCreateUser" time="2.425"/>
  <system-out/>
  <testcase classname="api.test.User_Tests2_Properties" name="TC02testGetUserByname" time="1.395"/>
  <system-out/>
  <testcase classname="api.test.User_Tests2_Properties" name="TC03_testUpdateUser" time="2.796"/>
  <system-out/>
  <testcase classname="api.test.User_Tests2_Properties" name="TC004_DeleteUserByName" time="1.349"/>
  <system-out/>
</testsuite> <!-- api.test.User_Tests2_Properties -->
