<?xml version="1.0" encoding="UTF-8"?>
<!-- Generated by org.testng.reporters.JUnitReportReporter -->
<testsuite hostname="DESKTOP-UNVGE05" failures="0" tests="6" name="api.test.DDTests" time="7.997" errors="0" timestamp="2023-06-30T11:10:50 AEST" skipped="0">
  <testcase classname="api.test.DDTests" name="TC01_testPostUser" time="1.314"/>
  <system-out/>
  <testcase classname="api.test.DDTests" name="TC01_testPostUser" time="1.246"/>
  <system-out/>
  <testcase classname="api.test.DDTests" name="TC01_testPostUser" time="1.222"/>
  <system-out/>
  <testcase classname="api.test.DDTests" name="TC02_testPostUser" time="1.156"/>
  <system-out/>
  <testcase classname="api.test.DDTests" name="TC02_testPostUser" time="1.415"/>
  <system-out/>
  <testcase classname="api.test.DDTests" name="TC02_testPostUser" time="1.644"/>
  <system-out/>
</testsuite> <!-- api.test.DDTests -->
