<?xml version="1.0" encoding="UTF-8"?>
<!-- Generated by org.testng.reporters.JUnitReportReporter -->
<testsuite hostname="DESKTOP-UNVGE05" failures="0" tests="6" name="api.test.DDTests" time="9.942" errors="0" timestamp="2023-06-30T16:51:53 AEST" skipped="0">
  <testcase classname="api.test.DDTests" name="TC01_testPostUser" time="1.397"/>
  <system-out/>
  <testcase classname="api.test.DDTests" name="TC01_testPostUser" time="2.871"/>
  <system-out/>
  <testcase classname="api.test.DDTests" name="TC01_testPostUser" time="1.450"/>
  <system-out/>
  <testcase classname="api.test.DDTests" name="TC02_testPostUser" time="1.404"/>
  <system-out/>
  <testcase classname="api.test.DDTests" name="TC02_testPostUser" time="1.456"/>
  <system-out/>
  <testcase classname="api.test.DDTests" name="TC02_testPostUser" time="1.364"/>
  <system-out/>
</testsuite> <!-- api.test.DDTests -->
