<?xml version="1.0" encoding="UTF-8"?>
<!-- Generated by org.testng.reporters.JUnitReportReporter -->
<testsuite hostname="DESKTOP-UNVGE05" failures="0" tests="4" name="api.test.User_Tests" time="8.174" errors="0" timestamp="2023-06-30T16:51:53 AEST" skipped="0">
  <testcase classname="api.test.User_Tests" name="TC01_testCreateUser" time="2.356"/>
  <system-out/>
  <testcase classname="api.test.User_Tests" name="TC02testGetUserByname" time="1.366"/>
  <system-out/>
  <testcase classname="api.test.User_Tests" name="TC03_testUpdateUser" time="2.737"/>
  <system-out/>
  <testcase classname="api.test.User_Tests" name="TC004_DeleteUserByName" time="1.715"/>
  <system-out/>
</testsuite> <!-- api.test.User_Tests -->
